<?xml version="1.0" encoding="UTF-8"?>
<testsuite name="ru.backspark.demo.ModuleTests" tests="5" skipped="0" failures="0" errors="0" timestamp="2024-12-20T20:49:13" hostname="DESKTOP-ALBNNB0" time="0.881">
  <properties/>
  <testcase name="incomeSocksWithoutExistingSocksTest()" classname="ru.backspark.demo.ModuleTests" time="0.85"/>
  <testcase name="updateSocksWithExistingSocksTest()" classname="ru.backspark.demo.ModuleTests" time="0.017"/>
  <testcase name="incomeSocksWithExistingSocksTest()" classname="ru.backspark.demo.ModuleTests" time="0.003"/>
  <testcase name="outcomeSocksWithExistingSocksTest()" classname="ru.backspark.demo.ModuleTests" time="0.004"/>
  <testcase name="outcomeSocksWithoutExistingSocksTest()" classname="ru.backspark.demo.ModuleTests" time="0.004"/>
  <system-out><![CDATA[23:49:14.251 [Test worker] INFO ru.backspark.demo.controller.SocksController - Request received 'income'. Request parameters: Color red, Cotton percentage 50, Amount 101.
23:49:14.292 [Test worker] INFO ru.backspark.demo.controller.SocksController - Request received 'update'. Request parameters: Id 674bd669-0de2-4bd4-a028-968abfd40f75, Color red, Cotton percentage 50, Amount 500.
23:49:14.298 [Test worker] INFO ru.backspark.demo.controller.SocksController - Request received 'income'. Request parameters: Color red, Cotton percentage 50, Amount 101.
23:49:14.302 [Test worker] INFO ru.backspark.demo.controller.SocksController - Request received 'outcome'. Request parameters: Color red, Cotton percentage 50, Amount 50.
23:49:14.307 [Test worker] INFO ru.backspark.demo.controller.SocksController - Request received 'outcome'. Request parameters: Color red, Cotton percentage 50, Amount 500.
]]></system-out>
  <system-err><![CDATA[]]></system-err>
</testsuite>
